0 info it worked if it ends with ok
1 verbose cli [ 'H:\\_programme\\nodejs\\node.exe',
1 verbose cli   'H:\\_programme\\nodejs\\node_modules\\npm\\bin\\npm-cli.js',
1 verbose cli   'start' ]
2 info using npm@3.10.10
3 info using node@v6.11.2
4 verbose run-script [ 'prestart', 'start', 'poststart' ]
5 info lifecycle paymentservice@0.0.0~prestart: paymentservice@0.0.0
6 silly lifecycle paymentservice@0.0.0~prestart: no script for prestart, continuing
7 info lifecycle paymentservice@0.0.0~start: paymentservice@0.0.0
8 verbose lifecycle paymentservice@0.0.0~start: unsafe-perm in lifecycle true
9 verbose lifecycle paymentservice@0.0.0~start: PATH: H:\_programme\nodejs\node_modules\npm\bin\node-gyp-bin;C:\Users\Michael\Projekt\i4.0-demo-master\Payment-Service\node_modules\.bin;C:\Program Files (x86)\Razer Chroma SDK\bin;C:\Program Files\Razer Chroma SDK\bin;c:\program files (x86)\razer chroma sdk\bin;c:\program files\razer chroma sdk\bin;c:\windows\system32;c:\windows;c:\windows\system32\wbem;c:\windows\system32\windowspowershell\v1.0\;c:\program files (x86)\skype\phone\;C:\WINDOWS\system32;C:\WINDOWS;C:\WINDOWS\system32\wbem;C:\WINDOWS\system32\windowspowershell\v1.0\;C:\Program Files (x86)\NVIDIA Corporation\PhysX\Common;C:\Program Files (x86)\GtkSharp\2.12\bin;C:\WINDOWS\System32\Wbem;C:\WINDOWS\System32\WindowsPowerShell\v1.0\;C:\Users\Michael\AppData\Local\atom\bin;C:\Users\Michael\AppData\Local\Microsoft\WindowsApps;H:\_programme\nodejs\;H:\_programme\latex\miktex\bin\x64\;C:\Program Files (x86)\Calibre2\;C:\WINDOWS\system32;C:\WINDOWS;C:\WINDOWS\System32\Wbem;C:\WINDOWS\System32\WindowsPowerShell\v1.0\;C:\ProgramData\chocolatey\bin;C:\Users\Michael\AppData\Local\atom\bin;C:\Users\Michael\AppData\Local\Microsoft\WindowsApps;C:\Users\Michael\AppData\Roaming\npm;
10 verbose lifecycle paymentservice@0.0.0~start: CWD: C:\Users\Michael\Projekt\i4.0-demo-master\Payment-Service
11 silly lifecycle paymentservice@0.0.0~start: Args: [ '/d /s /c', 'node ./bin/www' ]
12 verbose stack Error: kill ENOSYS
12 verbose stack     at exports._errnoException (util.js:1020:11)
12 verbose stack     at process.kill (internal/process.js:190:13)
12 verbose stack     at process.listener (H:\_programme\nodejs\node_modules\npm\node_modules\npmlog\node_modules\gauge\node_modules\signal-exit\index.js:86:15)
12 verbose stack     at emitNone (events.js:91:20)
12 verbose stack     at process.emit (events.js:185:7)
12 verbose stack     at processEmit (H:\_programme\nodejs\node_modules\npm\node_modules\npmlog\node_modules\gauge\node_modules\signal-exit\index.js:146:32)
12 verbose stack     at processEmit (H:\_programme\nodejs\node_modules\npm\node_modules\npm-registry-client\node_modules\npmlog\node_modules\gauge\node_modules\signal-exit\index.js:146:32)
12 verbose stack     at Signal.wrap.onsignal (internal/process.js:217:44)
13 verbose cwd C:\Users\Michael\Projekt\i4.0-demo-master\Payment-Service
14 error Windows_NT 10.0.15063
15 error argv "H:\\_programme\\nodejs\\node.exe" "H:\\_programme\\nodejs\\node_modules\\npm\\bin\\npm-cli.js" "start"
16 error node v6.11.2
17 error npm  v3.10.10
18 error code ENOSYS
19 error errno ENOSYS
20 error syscall kill
21 error kill ENOSYS
22 error If you need help, you may report this error at:
22 error     <https://github.com/npm/npm/issues>
23 verbose exit [ 1, true ]
